h:\myrepos\asteroids-game-cpp\vc\asteroids\debug\vc140.pdb
h:\myrepos\asteroids-game-cpp\vc\asteroids\debug\vc140.idb
h:\myrepos\asteroids-game-cpp\vc\asteroids\debug\alienspaceship.obj
h:\myrepos\asteroids-game-cpp\vc\asteroids\debug\asteroid.obj
h:\myrepos\asteroids-game-cpp\vc\asteroids\debug\background.obj
h:\myrepos\asteroids-game-cpp\vc\asteroids\debug\bulletupgrade.obj
h:\myrepos\asteroids-game-cpp\vc\asteroids\debug\explosion.obj
h:\myrepos\asteroids-game-cpp\vc\asteroids\debug\lifebonus.obj
h:\myrepos\asteroids-game-cpp\vc\asteroids\debug\miniasteroid.obj
h:\myrepos\asteroids-game-cpp\vc\asteroids\debug\shield.obj
h:\myrepos\asteroids-game-cpp\vc\asteroids\debug\shieldpowerup.obj
h:\myrepos\asteroids-game-cpp\vc\asteroids\debug\asteroids.obj
h:\myrepos\asteroids-game-cpp\vc\asteroids\debug\bullet.obj
h:\myrepos\asteroids-game-cpp\vc\asteroids\debug\spaceship.obj
h:\myrepos\asteroids-game-cpp\vc\asteroids\debug\main.obj
h:\myrepos\asteroids-game-cpp\bin\asteroids.ilk
h:\myrepos\asteroids-game-cpp\bin\asteroids.exe
h:\myrepos\asteroids-game-cpp\vc\asteroids\debug\asteroids.pdb
h:\myrepos\asteroids-game-cpp\vc\asteroids\..\..\bin\asteroids.exe
h:\myrepos\asteroids-game-cpp\vc\asteroids\debug\asteroids.tlog\cl.command.1.tlog
h:\myrepos\asteroids-game-cpp\vc\asteroids\debug\asteroids.tlog\cl.read.1.tlog
h:\myrepos\asteroids-game-cpp\vc\asteroids\debug\asteroids.tlog\cl.write.1.tlog
h:\myrepos\asteroids-game-cpp\vc\asteroids\debug\asteroids.tlog\link.command.1.tlog
h:\myrepos\asteroids-game-cpp\vc\asteroids\debug\asteroids.tlog\link.read.1.tlog
h:\myrepos\asteroids-game-cpp\vc\asteroids\debug\asteroids.tlog\link.write.1.tlog
